[2019-11-18 15:21:07] local.ERROR: The process "'/usr/bin/php' 'artisan' 'queue:work' '--once' '--queue=default' '--delay=0' '--memory=128' '--sleep=3' '--tries=0'" exceeded the timeout of 60 seconds. {"exception":"[object] (Symfony\\Component\\Process\\Exception\\ProcessTimedOutException(code: 0): The process \"'/usr/bin/php' 'artisan' 'queue:work' '--once' '--queue=default' '--delay=0' '--memory=128' '--sleep=3' '--tries=0'\" exceeded the timeout of 60 seconds. at /Users/mac/Desktop/rentacar-develop/vendor/symfony/process/Process.php:1233)
[stacktrace]
#0 /Users/mac/Desktop/rentacar-develop/vendor/symfony/process/Process.php(412): Symfony\\Component\\Process\\Process->checkTimeout()
#1 /Users/mac/Desktop/rentacar-develop/vendor/symfony/process/Process.php(236): Symfony\\Component\\Process\\Process->wait()
#2 /Users/mac/Desktop/rentacar-develop/vendor/laravel/framework/src/Illuminate/Queue/Listener.php(175): Symfony\\Component\\Process\\Process->run(Object(Closure))
#3 /Users/mac/Desktop/rentacar-develop/vendor/laravel/framework/src/Illuminate/Queue/Listener.php(90): Illuminate\\Queue\\Listener->runProcess(Object(Symfony\\Component\\Process\\Process), '128')
#4 /Users/mac/Desktop/rentacar-develop/vendor/laravel/framework/src/Illuminate/Queue/Console/ListenCommand.php(68): Illuminate\\Queue\\Listener->listen(NULL, 'default', Object(Illuminate\\Queue\\ListenerOptions))
#5 [internal function]: Illuminate\\Queue\\Console\\ListenCommand->handle()
#6 /Users/mac/Desktop/rentacar-develop/vendor/laravel/framework/src/Illuminate/Container/BoundMethod.php(32): call_user_func_array(Array, Array)
#7 /Users/mac/Desktop/rentacar-develop/vendor/laravel/framework/src/Illuminate/Container/BoundMethod.php(90): Illuminate\\Container\\BoundMethod::Illuminate\\Container\\{closure}()
#8 /Users/mac/Desktop/rentacar-develop/vendor/laravel/framework/src/Illuminate/Container/BoundMethod.php(34): Illuminate\\Container\\BoundMethod::callBoundMethod(Object(Illuminate\\Foundation\\Application), Array, Object(Closure))
#9 /Users/mac/Desktop/rentacar-develop/vendor/laravel/framework/src/Illuminate/Container/Container.php(576): Illuminate\\Container\\BoundMethod::call(Object(Illuminate\\Foundation\\Application), Array, Array, NULL)
#10 /Users/mac/Desktop/rentacar-develop/vendor/laravel/framework/src/Illuminate/Console/Command.php(183): Illuminate\\Container\\Container->call(Array)
#11 /Users/mac/Desktop/rentacar-develop/vendor/symfony/console/Command/Command.php(255): Illuminate\\Console\\Command->execute(Object(Symfony\\Component\\Console\\Input\\ArgvInput), Object(Illuminate\\Console\\OutputStyle))
#12 /Users/mac/Desktop/rentacar-develop/vendor/laravel/framework/src/Illuminate/Console/Command.php(170): Symfony\\Component\\Console\\Command\\Command->run(Object(Symfony\\Component\\Console\\Input\\ArgvInput), Object(Illuminate\\Console\\OutputStyle))
#13 /Users/mac/Desktop/rentacar-develop/vendor/symfony/console/Application.php(934): Illuminate\\Console\\Command->run(Object(Symfony\\Component\\Console\\Input\\ArgvInput), Object(Symfony\\Component\\Console\\Output\\ConsoleOutput))
#14 /Users/mac/Desktop/rentacar-develop/vendor/symfony/console/Application.php(273): Symfony\\Component\\Console\\Application->doRunCommand(Object(Illuminate\\Queue\\Console\\ListenCommand), Object(Symfony\\Component\\Console\\Input\\ArgvInput), Object(Symfony\\Component\\Console\\Output\\ConsoleOutput))
#15 /Users/mac/Desktop/rentacar-develop/vendor/symfony/console/Application.php(149): Symfony\\Component\\Console\\Application->doRun(Object(Symfony\\Component\\Console\\Input\\ArgvInput), Object(Symfony\\Component\\Console\\Output\\ConsoleOutput))
#16 /Users/mac/Desktop/rentacar-develop/vendor/laravel/framework/src/Illuminate/Console/Application.php(90): Symfony\\Component\\Console\\Application->run(Object(Symfony\\Component\\Console\\Input\\ArgvInput), Object(Symfony\\Component\\Console\\Output\\ConsoleOutput))
#17 /Users/mac/Desktop/rentacar-develop/vendor/laravel/framework/src/Illuminate/Foundation/Console/Kernel.php(133): Illuminate\\Console\\Application->run(Object(Symfony\\Component\\Console\\Input\\ArgvInput), Object(Symfony\\Component\\Console\\Output\\ConsoleOutput))
#18 /Users/mac/Desktop/rentacar-develop/artisan(37): Illuminate\\Foundation\\Console\\Kernel->handle(Object(Symfony\\Component\\Console\\Input\\ArgvInput), Object(Symfony\\Component\\Console\\Output\\ConsoleOutput))
#19 {main}
"} 
